

> @telegram/mini-app@0.0.1 prebuild /Users/hieudoan/git/github.com/hieudoanm/templates/telegram-mini-app/packages/app
> pnpm prisma:generate && rimraf .next


> @telegram/mini-app@0.0.1 prisma:generate /Users/hieudoan/git/github.com/hieudoanm/templates/telegram-mini-app/packages/app
> prisma format && prisma generate

[2mPrisma schema loaded from prisma/schema.prisma[22m
Formatted [4mprisma/schema.prisma[24m in 13ms 🚀
[2mPrisma schema loaded from prisma/schema.prisma[22m


✔ Generated [1mPrisma Client[22m (v6.11.1)[2m to ./../../node_modules/.pnpm/@prisma+client@6.11.1_prisma@6.11.1_typescript@5.8.3__typescript@5.8.3/node_modules/@prisma/client[22m in 27ms

Start by importing your Prisma Client (See: https://pris.ly/d/importing-client)

Tip: Interested in query caching in just a few lines of code? Try Accelerate today! https://pris.ly/tip-3-accelerate


> @telegram/mini-app@0.0.1 build /Users/hieudoan/git/github.com/hieudoanm/templates/telegram-mini-app/packages/app
> next build

   [1m[38;2;173;127;168m▲ Next.js 15.3.5[39m[22m

[?25l [37m[1m [22m[39m Linting and checking validity of types  [36m.[39m[2K[1G [37m[1m [22m[39m Linting and checking validity of types  [36m..[39m[2K[1G [37m[1m [22m[39m Linting and checking validity of types  [36m...[39m[2K[1G [37m[1m [22m[39m Linting and checking validity of types  [36m.[39m[2K[1G [37m[1m [22m[39m Linting and checking validity of types  [36m..[39m[2K[1G [37m[1m [22m[39m Linting and checking validity of types  [36m...[39m[2K[1G [37m[1m [22m[39m Linting and checking validity of types  [36m.[39m[2K[1G [37m[1m [22m[39m Linting and checking validity of types  [36m..[39m[2K[1G [37m[1m [22m[39m Linting and checking validity of types  [36m...[39m[2K[1G[?25h [37m[1m [22m[39m Linting and checking validity of types     [32m[1m✓[22m[39m Linting and checking validity of types 
 [37m[1m [22m[39m Creating an optimized production build ...
 [32m[1m✓[22m[39m Compiled successfully in 5.0s
[?25l [37m[1m [22m[39m Collecting page data  [36m.[39m[2K[1G [37m[1m [22m[39m Collecting page data  [36m..[39m[2K[1G [37m[1m [22m[39m Collecting page data  [36m...[39m[2K[1G[?25h [37m[1m [22m[39m Collecting page data     [32m[1m✓[22m[39m Collecting page data 
[?25l [37m[1m [22m[39m Generating static pages (0/12)  [36m[    ][39m[2K[1G [37m[1m [22m[39m Generating static pages (0/12)  [36m[=   ][39m[2K[1G[?25h [32m[1m✓[22m[39m Generating static pages (12/12)
[?25l [37m[1m [22m[39m Finalizing page optimization  [36m.[39m[?25l [37m[1m [22m[39m Collecting build traces  [36m.[39m[2K[1G [37m[1m [22m[39m Finalizing page optimization  [36m..[39m[2K[1G [37m[1m [22m[39m Collecting build traces  [36m..[39m[2K[1G [37m[1m [22m[39m Finalizing page optimization  [36m...[39m[2K[1G [37m[1m [22m[39m Collecting build traces  [36m...[39m[2K[1G [37m[1m [22m[39m Finalizing page optimization  [36m.[39m[2K[1G [37m[1m [22m[39m Collecting build traces  [36m.[39m[2K[1G [37m[1m [22m[39m Finalizing page optimization  [36m..[39m[2K[1G [37m[1m [22m[39m Collecting build traces  [36m..[39m[2K[1G [37m[1m [22m[39m Finalizing page optimization  [36m...[39m[2K[1G [37m[1m [22m[39m Collecting build traces  [36m...[39m[2K[1G [37m[1m [22m[39m Finalizing page optimization  [36m.[39m[2K[1G [37m[1m [22m[39m Collecting build traces  [36m.[39m[2K[1G [37m[1m [22m[39m Finalizing page optimization  [36m..[39m[2K[1G [37m[1m [22m[39m Collecting build traces  [36m..[39m[2K[1G [37m[1m [22m[39m Finalizing page optimization  [36m...[39m[2K[1G [37m[1m [22m[39m Collecting build traces  [36m...[39m[2K[1G [37m[1m [22m[39m Finalizing page optimization  [36m.[39m[2K[1G [37m[1m [22m[39m Collecting build traces  [36m.[39m[2K[1G [37m[1m [22m[39m Finalizing page optimization  [36m..[39m[2K[1G [37m[1m [22m[39m Collecting build traces  [36m..[39m[2K[1G [37m[1m [22m[39m Finalizing page optimization  [36m...[39m[2K[1G [37m[1m [22m[39m Collecting build traces  [36m...[39m[2K[1G [37m[1m [22m[39m Finalizing page optimization  [36m.[39m[2K[1G [37m[1m [22m[39m Collecting build traces  [36m.[39m[2K[1G [37m[1m [22m[39m Finalizing page optimization  [36m..[39m[2K[1G [37m[1m [22m[39m Collecting build traces  [36m..[39m[2K[1G [37m[1m [22m[39m Finalizing page optimization  [36m...[39m[2K[1G [37m[1m [22m[39m Collecting build traces  [36m...[39m[2K[1G [37m[1m [22m[39m Finalizing page optimization  [36m.[39m[2K[1G [37m[1m [22m[39m Collecting build traces  [36m.[39m[2K[1G[?25h [37m[1m [22m[39m Collecting build traces     [32m[1m✓[22m[39m Collecting build traces 
[2K[1G[?25h [33m[1m⚠[22m[39m [33mStatically exporting a Next.js application via `next export` disables API routes and middleware.[39m
[33mThis command is meant for static-only hosts, and is [1mnot necessary to make your application static.[22m[39m
[33mPages in your application without server-side data dependencies will be automatically statically exported by `next build`, including pages powered by `getStaticProps`.[39m
[33mLearn more: https://nextjs.org/docs/messages/api-routes-static-export[39m
[?25l [36m.[39m [?25l [37m[1m [22m[39m Exporting (0/13)  [36m[    ][39m[2K[1G [36m..[39m [2K[1G [37m[1m [22m[39m Exporting (0/13)  [36m[=   ][39m[2K[1G[?25h[2K[1G[?25h [32m[1m✓[22m[39m Exporting (13/13)
[?25l [36m.[39m [2K[1G [36m..[39m [2K[1G[?25h    [32m[1m✓[22m[39m Finalizing page optimization 

[4mRoute (pages)[24m                                 [4mSize[24m  [4mFirst Load JS[24m  [4m[24m  [4m[24m
┌ ○ /                                      1.22 kB         [37m[1m230 kB[22m[39m
├   /_app                                      0 B         [37m[1m226 kB[22m[39m
├ ○ /404                                     710 B         [37m[1m229 kB[22m[39m
├ ○ /500                                     706 B         [37m[1m229 kB[22m[39m
├ ƒ /api/rest/webhook                          0 B         [37m[1m226 kB[22m[39m
├ ƒ /api/trpc/[trpc]                           0 B         [37m[1m226 kB[22m[39m
├ ○ /games                                 1.56 kB         [37m[1m230 kB[22m[39m
├ ○ /games/[gameId]                        1.52 kB         [37m[1m230 kB[22m[39m
├ ○ /news                                  1.66 kB         [37m[1m230 kB[22m[39m
├ ○ /news/[articleId]                      1.77 kB         [37m[1m230 kB[22m[39m
├ ○ /profile                                140 kB         [37m[1m368 kB[22m[39m
├ ○ /profile/privacy-policy                1.41 kB         [37m[1m230 kB[22m[39m
├ ○ /profile/terms-of-use                  1.52 kB         [37m[1m230 kB[22m[39m
├ ○ /store                                 1.54 kB         [37m[1m230 kB[22m[39m
└ ○ /store/[itemId]                        1.58 kB         [37m[1m230 kB[22m[39m
+ First Load JS shared by all               [37m[1m230 kB[22m[39m
  ├ chunks/framework-e185025df70b26a0.js   57.6 kB
  ├ chunks/main-918e99f0a02417b9.js        34.3 kB
  ├ chunks/pages/_app-97d040266482f5a5.js   133 kB
  └ other shared chunks (total)            4.98 kB

○  (Static)   prerendered as static content
ƒ  (Dynamic)  server-rendered on demand

[?25h
