

> @telegram/mini-app@0.0.1 prelint /Users/hieudoan/git/github.com/hieudoanm/templates/telegram-mini-app/packages/app
> pnpm prisma:generate


> @telegram/mini-app@0.0.1 prisma:generate /Users/hieudoan/git/github.com/hieudoanm/templates/telegram-mini-app/packages/app
> prisma format && prisma generate

[2mPrisma schema loaded from prisma/schema.prisma[22m
Formatted [4mprisma/schema.prisma[24m in 11ms ðŸš€
[2mPrisma schema loaded from prisma/schema.prisma[22m

[90m[90mâ”Œâ”€[39m[90m[90mâ”€â”€â”€â”€â”€â”€â”€â”€â”€â”€â”€â”€â”€â”€â”€â”€â”€â”€â”€â”€â”€â”€â”€â”€â”€â”€â”€â”€â”€â”€â”€â”€â”€â”€â”€â”€â”€â”€â”€â”€â”€â”€â”€â”€â”€â”€â”€â”€â”€â”€â”€â”€â”€â”€â”€â”€â”[39m[90m
[90mâ”‚[39m[90m  [0m[34mUpdate available[39m[90m 6.11.1 -> 6.12.0[0m                      [90mâ”‚[39m[90m
[90mâ”‚[39m[90m  [0mRun the following to update[0m                            [90mâ”‚[39m[90m
[90mâ”‚[39m[90m  [0m  [1mnpm i --save-dev prisma@latest[22m[0m                       [90mâ”‚[39m[90m
[90mâ”‚[39m[90m  [0m  [1mnpm i @prisma/client@latest[22m[0m                          [90mâ”‚[39m[90m
â””â”€â”€â”€â”€â”€â”€â”€â”€â”€â”€â”€â”€â”€â”€â”€â”€â”€â”€â”€â”€â”€â”€â”€â”€â”€â”€â”€â”€â”€â”€â”€â”€â”€â”€â”€â”€â”€â”€â”€â”€â”€â”€â”€â”€â”€â”€â”€â”€â”€â”€â”€â”€â”€â”€â”€â”€â”€â”˜[39m

âœ” Generated [1mPrisma Client[22m (v6.11.1)[2m to ./../../node_modules/.pnpm/@prisma+client@6.11.1_prisma@6.11.1_typescript@5.8.3__typescript@5.8.3/node_modules/@prisma/client[22m in 27ms

Start by importing your Prisma Client (See: https://pris.ly/d/importing-client)

Tip: Need your database queries to be 1000x faster? Accelerate offers you that and more: https://pris.ly/tip-2-accelerate


> @telegram/mini-app@0.0.1 lint /Users/hieudoan/git/github.com/hieudoanm/templates/telegram-mini-app/packages/app
> next lint

[32mâœ” No ESLint warnings or errors[39m
